<?xml version="1.0" encoding="UTF-8"?>
<!-- Generated by org.testng.reporters.JUnitReportReporter -->
<testsuite skipped="0" hostname="DESKTOP-8EQSD1V" name="com.qa.VirventureWebsite.TestCases.RegisterAccountTest" tests="4" failures="0" timestamp="24 May 2021 11:19:43 GMT" time="110.810" errors="0">
  <testcase name="validateRegisterPageDataTest" time="31.661" classname="com.qa.VirventureWebsite.TestCases.RegisterAccountTest"/>
  <testcase name="validateRegisterPageDataTest" time="21.627" classname="com.qa.VirventureWebsite.TestCases.RegisterAccountTest"/>
  <testcase name="validateRegisterPageDataTest" time="29.375" classname="com.qa.VirventureWebsite.TestCases.RegisterAccountTest"/>
  <testcase name="validateRegisterPageDataTest" time="28.147" classname="com.qa.VirventureWebsite.TestCases.RegisterAccountTest"/>
</testsuite> <!-- com.qa.VirventureWebsite.TestCases.RegisterAccountTest -->
