<?xml version="1.0" encoding="UTF-8"?>
<!-- Generated by org.testng.reporters.JUnitReportReporter -->
<testsuite skipped="0" hostname="DESKTOP-8EQSD1V" name="com.qa.VirventureWebsite.TestCases.ContactUsTest" tests="2" failures="0" timestamp="22 May 2021 08:27:10 GMT" time="39.852" errors="0">
  <testcase name="validateValidContactUsPageData" time="18.919" classname="com.qa.VirventureWebsite.TestCases.ContactUsTest"/>
  <testcase name="validateValidContactUsPageData" time="20.933" classname="com.qa.VirventureWebsite.TestCases.ContactUsTest"/>
</testsuite> <!-- com.qa.VirventureWebsite.TestCases.ContactUsTest -->
