<?xml version="1.0" encoding="UTF-8"?>
<!-- Generated by org.testng.reporters.JUnitReportReporter -->
<testsuite skipped="0" hostname="DESKTOP-8EQSD1V" name="com.qa.VirventureWebsite.TestCases.HomePageTest" tests="1" failures="0" timestamp="21 May 2021 13:07:43 GMT" time="26.715" errors="0">
  <testcase name="validateFastMovingProductsLinkTes" time="26.715" classname="com.qa.VirventureWebsite.TestCases.HomePageTest"/>
</testsuite> <!-- com.qa.VirventureWebsite.TestCases.HomePageTest -->
