<?xml version="1.0" encoding="UTF-8"?>
<!-- Generated by org.testng.reporters.JUnitReportReporter -->
<testsuite skipped="0" hostname="DESKTOP-8EQSD1V" name="com.qa.VirventureWebsite.TestCases.LoginPageTest" tests="1" failures="0" timestamp="22 May 2021 17:15:54 GMT" time="27.936" errors="0">
  <testcase name="validateLoginWithvalidateDateTest" time="27.936" classname="com.qa.VirventureWebsite.TestCases.LoginPageTest"/>
</testsuite> <!-- com.qa.VirventureWebsite.TestCases.LoginPageTest -->
