<?xml version="1.0" encoding="UTF-8"?>
<!-- Generated by org.testng.reporters.JUnitReportReporter -->
<testsuite skipped="0" hostname="DESKTOP-8EQSD1V" name="com.qa.VirventureWebsite.TestCases.LoginPageTest" tests="2" failures="0" timestamp="21 May 2021 17:10:03 GMT" time="61.300" errors="0">
  <testcase name="validateLoginPageTitleTest" time="28.325" classname="com.qa.VirventureWebsite.TestCases.LoginPageTest"/>
  <testcase name="verifyLoginPageLableTest" time="32.975" classname="com.qa.VirventureWebsite.TestCases.LoginPageTest"/>
</testsuite> <!-- com.qa.VirventureWebsite.TestCases.LoginPageTest -->
